2023-11-08 11:30:24.626 +03 [67316] LOG:  starting PostgreSQL 15.1 on aarch64-apple-darwin22.1.0, compiled by Apple clang version 12.0.5 (clang-1205.0.22.9), 64-bit
2023-11-08 11:30:24.628 +03 [67316] LOG:  listening on IPv6 address "::1", port 3306
2023-11-08 11:30:24.629 +03 [67316] LOG:  listening on IPv4 address "127.0.0.1", port 3306
2023-11-08 11:30:24.629 +03 [67316] LOG:  listening on Unix socket "/tmp/.s.PGSQL.3306"
2023-11-08 11:30:24.632 +03 [67319] LOG:  database system was shut down at 2023-11-08 11:30:24 +03
2023-11-08 11:30:24.636 +03 [67316] LOG:  database system is ready to accept connections
2023-11-08 11:31:02.664 +03 [67316] LOG:  received smart shutdown request
2023-11-08 11:31:02.697 +03 [67316] LOG:  background worker "logical replication launcher" (PID 67322) exited with exit code 1
2023-11-08 11:31:02.697 +03 [67317] LOG:  shutting down
2023-11-08 11:31:02.697 +03 [67317] LOG:  checkpoint starting: shutdown immediate
2023-11-08 11:31:02.833 +03 [67317] LOG:  checkpoint complete: wrote 927 buffers (5.7%); 0 WAL file(s) added, 0 removed, 0 recycled; write=0.119 s, sync=0.015 s, total=0.136 s; sync files=250, longest=0.001 s, average=0.001 s; distance=4280 kB, estimate=4280 kB
2023-11-08 11:31:02.850 +03 [67316] LOG:  database system is shut down
2023-11-08 11:31:03.266 +03 [67431] LOG:  starting PostgreSQL 15.1 on aarch64-apple-darwin22.1.0, compiled by Apple clang version 12.0.5 (clang-1205.0.22.9), 64-bit
2023-11-08 11:31:03.268 +03 [67431] LOG:  listening on IPv6 address "::1", port 3306
2023-11-08 11:31:03.268 +03 [67431] LOG:  listening on IPv4 address "127.0.0.1", port 3306
2023-11-08 11:31:03.269 +03 [67431] LOG:  listening on Unix socket "/tmp/.s.PGSQL.3306"
2023-11-08 11:31:03.282 +03 [67434] LOG:  database system was shut down at 2023-11-08 11:31:02 +03
2023-11-08 11:31:03.288 +03 [67431] LOG:  database system is ready to accept connections
2023-11-08 11:31:03.705 +03 [67431] LOG:  received smart shutdown request
2023-11-08 11:31:03.708 +03 [67431] LOG:  background worker "logical replication launcher" (PID 67437) exited with exit code 1
2023-11-08 11:31:03.708 +03 [67432] LOG:  shutting down
2023-11-08 11:31:03.708 +03 [67432] LOG:  checkpoint starting: shutdown immediate
2023-11-08 11:31:03.711 +03 [67432] LOG:  checkpoint complete: wrote 3 buffers (0.0%); 0 WAL file(s) added, 0 removed, 0 recycled; write=0.002 s, sync=0.001 s, total=0.004 s; sync files=2, longest=0.001 s, average=0.001 s; distance=0 kB, estimate=0 kB
2023-11-08 11:31:03.716 +03 [67431] LOG:  database system is shut down
2023-11-08 21:00:43.913 +03 [92816] LOG:  starting PostgreSQL 15.1 on aarch64-apple-darwin22.1.0, compiled by Apple clang version 12.0.5 (clang-1205.0.22.9), 64-bit
2023-11-08 21:00:43.917 +03 [92816] LOG:  listening on IPv6 address "::1", port 3306
2023-11-08 21:00:43.918 +03 [92816] LOG:  listening on IPv4 address "127.0.0.1", port 3306
2023-11-08 21:00:43.919 +03 [92816] LOG:  listening on Unix socket "/tmp/.s.PGSQL.3306"
2023-11-08 21:00:43.930 +03 [92820] LOG:  database system was shut down at 2023-11-08 11:31:03 +03
2023-11-08 21:00:43.938 +03 [92816] LOG:  database system is ready to accept connections
2023-11-08 21:02:14.503 +03 [92836] ERROR:  column "id" named in key does not exist at character 126
2023-11-08 21:02:14.503 +03 [92836] STATEMENT:  CREATE TABLE "public"."USER_INFORMATION" ("username" varchar NOT NULL DEFAULT NULL,"password" varchar NOT NULL DEFAULT NULL, PRIMARY KEY ("id"));
2023-11-08 21:02:23.426 +03 [92836] ERROR:  column "id" named in key does not exist at character 126
2023-11-08 21:02:23.426 +03 [92836] STATEMENT:  CREATE TABLE "public"."USER_INFORMATION" ("username" varchar NOT NULL DEFAULT NULL,"password" varchar NOT NULL DEFAULT NULL, PRIMARY KEY ("id"));
2023-11-08 21:05:43.928 +03 [92818] LOG:  checkpoint starting: time
2023-11-08 21:05:53.179 +03 [92818] LOG:  checkpoint complete: wrote 93 buffers (0.6%); 0 WAL file(s) added, 0 removed, 0 recycled; write=9.242 s, sync=0.005 s, total=9.252 s; sync files=48, longest=0.001 s, average=0.001 s; distance=428 kB, estimate=428 kB
2023-11-08 21:10:43.175 +03 [92818] LOG:  checkpoint starting: time
2023-11-08 21:10:47.241 +03 [92818] LOG:  checkpoint complete: wrote 41 buffers (0.3%); 0 WAL file(s) added, 0 removed, 0 recycled; write=4.061 s, sync=0.001 s, total=4.067 s; sync files=31, longest=0.001 s, average=0.001 s; distance=189 kB, estimate=404 kB
2023-11-08 21:15:43.238 +03 [92818] LOG:  checkpoint starting: time
2023-11-08 21:15:47.255 +03 [92818] LOG:  checkpoint complete: wrote 40 buffers (0.2%); 0 WAL file(s) added, 0 removed, 0 recycled; write=4.008 s, sync=0.002 s, total=4.018 s; sync files=31, longest=0.001 s, average=0.001 s; distance=180 kB, estimate=382 kB
2023-11-08 21:25:43.250 +03 [92818] LOG:  checkpoint starting: time
2023-11-08 21:25:46.531 +03 [92818] LOG:  checkpoint complete: wrote 33 buffers (0.2%); 0 WAL file(s) added, 0 removed, 0 recycled; write=3.273 s, sync=0.003 s, total=3.282 s; sync files=12, longest=0.001 s, average=0.001 s; distance=167 kB, estimate=360 kB
2023-11-08 21:30:43.527 +03 [92818] LOG:  checkpoint starting: time
2023-11-08 21:30:47.746 +03 [92818] LOG:  checkpoint complete: wrote 42 buffers (0.3%); 0 WAL file(s) added, 0 removed, 0 recycled; write=4.210 s, sync=0.002 s, total=4.219 s; sync files=10, longest=0.001 s, average=0.001 s; distance=277 kB, estimate=352 kB
2023-11-08 21:36:07.899 +03 [92816] LOG:  received smart shutdown request
2023-11-08 21:36:12.908 +03 [94574] FATAL:  terminating connection due to unexpected postmaster exit
2023-11-08 21:36:12.908 +03 [94582] FATAL:  terminating connection due to unexpected postmaster exit
