2023-10-17 11:11:19.725 +03 [88113] LOG:  starting PostgreSQL 15.1 on aarch64-apple-darwin22.1.0, compiled by Apple clang version 12.0.5 (clang-1205.0.22.9), 64-bit
2023-10-17 11:11:19.728 +03 [88113] LOG:  listening on IPv6 address "::1", port 5432
2023-10-17 11:11:19.728 +03 [88113] LOG:  listening on IPv4 address "127.0.0.1", port 5432
2023-10-17 11:11:19.729 +03 [88113] FATAL:  could not open lock file "/tmp/.s.PGSQL.5432.lock": Permission denied
2023-10-17 11:11:19.729 +03 [88113] LOG:  database system is shut down
2023-10-17 11:11:29.816 +03 [88128] LOG:  starting PostgreSQL 15.1 on aarch64-apple-darwin22.1.0, compiled by Apple clang version 12.0.5 (clang-1205.0.22.9), 64-bit
2023-10-17 11:11:29.819 +03 [88128] LOG:  listening on IPv6 address "::1", port 5432
2023-10-17 11:11:29.819 +03 [88128] LOG:  listening on IPv4 address "127.0.0.1", port 5432
2023-10-17 11:11:29.819 +03 [88128] FATAL:  could not open lock file "/tmp/.s.PGSQL.5432.lock": Permission denied
2023-10-17 11:11:29.820 +03 [88128] LOG:  database system is shut down
2023-10-17 11:11:39.911 +03 [88138] LOG:  starting PostgreSQL 15.1 on aarch64-apple-darwin22.1.0, compiled by Apple clang version 12.0.5 (clang-1205.0.22.9), 64-bit
2023-10-17 11:11:39.914 +03 [88138] LOG:  listening on IPv6 address "::1", port 5432
2023-10-17 11:11:39.914 +03 [88138] LOG:  listening on IPv4 address "127.0.0.1", port 5432
2023-10-17 11:11:39.914 +03 [88138] FATAL:  could not open lock file "/tmp/.s.PGSQL.5432.lock": Permission denied
2023-10-17 11:11:39.915 +03 [88138] LOG:  database system is shut down
2023-10-17 11:11:50.107 +03 [88160] LOG:  starting PostgreSQL 15.1 on aarch64-apple-darwin22.1.0, compiled by Apple clang version 12.0.5 (clang-1205.0.22.9), 64-bit
2023-10-17 11:11:50.110 +03 [88160] LOG:  listening on IPv6 address "::1", port 5432
2023-10-17 11:11:50.110 +03 [88160] LOG:  listening on IPv4 address "127.0.0.1", port 5432
2023-10-17 11:11:50.111 +03 [88160] FATAL:  could not open lock file "/tmp/.s.PGSQL.5432.lock": Permission denied
2023-10-17 11:11:50.111 +03 [88160] LOG:  database system is shut down
2023-10-17 11:11:52.055 +03 [88166] LOG:  starting PostgreSQL 15.1 on aarch64-apple-darwin22.1.0, compiled by Apple clang version 12.0.5 (clang-1205.0.22.9), 64-bit
2023-10-17 11:11:52.059 +03 [88166] LOG:  listening on IPv6 address "::1", port 3306
2023-10-17 11:11:52.059 +03 [88166] LOG:  listening on IPv4 address "127.0.0.1", port 3306
2023-10-17 11:11:52.060 +03 [88166] LOG:  listening on Unix socket "/tmp/.s.PGSQL.3306"
2023-10-17 11:11:52.082 +03 [88169] LOG:  database system was shut down at 2023-10-17 11:11:19 +03
2023-10-17 11:11:52.090 +03 [88166] LOG:  database system is ready to accept connections
2023-10-17 11:11:53.677 +03 [88166] LOG:  received smart shutdown request
2023-10-17 11:11:53.680 +03 [88166] LOG:  background worker "logical replication launcher" (PID 88172) exited with exit code 1
2023-10-17 11:11:53.681 +03 [88167] LOG:  shutting down
2023-10-17 11:11:53.681 +03 [88167] LOG:  checkpoint starting: shutdown immediate
2023-10-17 11:11:53.684 +03 [88167] LOG:  checkpoint complete: wrote 3 buffers (0.0%); 0 WAL file(s) added, 0 removed, 0 recycled; write=0.002 s, sync=0.001 s, total=0.004 s; sync files=2, longest=0.001 s, average=0.001 s; distance=0 kB, estimate=0 kB
2023-10-17 11:11:53.688 +03 [88166] LOG:  database system is shut down
2023-10-17 11:11:54.471 +03 [88178] LOG:  starting PostgreSQL 15.1 on aarch64-apple-darwin22.1.0, compiled by Apple clang version 12.0.5 (clang-1205.0.22.9), 64-bit
2023-10-17 11:11:54.474 +03 [88178] LOG:  listening on IPv6 address "::1", port 3306
2023-10-17 11:11:54.474 +03 [88178] LOG:  listening on IPv4 address "127.0.0.1", port 3306
2023-10-17 11:11:54.475 +03 [88178] LOG:  listening on Unix socket "/tmp/.s.PGSQL.3306"
2023-10-17 11:11:54.479 +03 [88181] LOG:  database system was shut down at 2023-10-17 11:11:53 +03
2023-10-17 11:11:54.482 +03 [88178] LOG:  database system is ready to accept connections
2023-10-17 11:16:54.529 +03 [88179] LOG:  checkpoint starting: time
2023-10-17 11:18:32.657 +03 [88179] LOG:  checkpoint complete: wrote 967 buffers (5.9%); 0 WAL file(s) added, 0 removed, 0 recycled; write=98.098 s, sync=0.013 s, total=98.128 s; sync files=258, longest=0.001 s, average=0.001 s; distance=4552 kB, estimate=4552 kB
2023-10-17 11:18:56.616 +03 [88286] ERROR:  column "username" named in key does not exist at character 56
2023-10-17 11:18:56.616 +03 [88286] STATEMENT:  CREATE TABLE "public"."USER_INFORMATION" ("id" serial, PRIMARY KEY ("id", "username"));
2023-10-17 11:21:54.660 +03 [88179] LOG:  checkpoint starting: time
2023-10-17 11:22:00.098 +03 [88179] LOG:  checkpoint complete: wrote 54 buffers (0.3%); 0 WAL file(s) added, 0 removed, 0 recycled; write=5.430 s, sync=0.003 s, total=5.438 s; sync files=38, longest=0.001 s, average=0.001 s; distance=184 kB, estimate=4115 kB
2023-10-17 11:26:54.097 +03 [88179] LOG:  checkpoint starting: time
2023-10-17 11:26:54.531 +03 [88179] LOG:  checkpoint complete: wrote 5 buffers (0.0%); 0 WAL file(s) added, 0 removed, 0 recycled; write=0.409 s, sync=0.017 s, total=0.435 s; sync files=5, longest=0.001 s, average=0.001 s; distance=19 kB, estimate=3705 kB
2023-10-17 11:31:54.555 +03 [88179] LOG:  checkpoint starting: time
2023-10-17 11:31:59.142 +03 [88179] LOG:  checkpoint complete: wrote 46 buffers (0.3%); 0 WAL file(s) added, 0 removed, 0 recycled; write=4.580 s, sync=0.002 s, total=4.588 s; sync files=33, longest=0.001 s, average=0.001 s; distance=206 kB, estimate=3355 kB
2023-10-17 11:36:54.143 +03 [88179] LOG:  checkpoint starting: time
2023-10-17 11:36:58.235 +03 [88179] LOG:  checkpoint complete: wrote 41 buffers (0.3%); 0 WAL file(s) added, 0 removed, 0 recycled; write=4.080 s, sync=0.004 s, total=4.093 s; sync files=29, longest=0.001 s, average=0.001 s; distance=231 kB, estimate=3043 kB
2023-10-17 11:41:54.247 +03 [88179] LOG:  checkpoint starting: time
2023-10-17 11:41:57.429 +03 [88179] LOG:  checkpoint complete: wrote 32 buffers (0.2%); 0 WAL file(s) added, 0 removed, 0 recycled; write=3.175 s, sync=0.004 s, total=3.182 s; sync files=29, longest=0.001 s, average=0.001 s; distance=137 kB, estimate=2752 kB
2023-10-17 11:44:50.117 +03 [88178] LOG:  received smart shutdown request
2023-10-17 11:44:50.133 +03 [88178] LOG:  background worker "logical replication launcher" (PID 88184) exited with exit code 1
2023-10-17 11:44:50.133 +03 [88179] LOG:  shutting down
2023-10-17 11:44:50.134 +03 [88179] LOG:  checkpoint starting: shutdown immediate
2023-10-17 11:44:50.155 +03 [88179] LOG:  checkpoint complete: wrote 57 buffers (0.3%); 0 WAL file(s) added, 0 removed, 0 recycled; write=0.012 s, sync=0.003 s, total=0.022 s; sync files=32, longest=0.001 s, average=0.001 s; distance=270 kB, estimate=2504 kB
2023-10-17 11:44:50.161 +03 [88178] LOG:  database system is shut down
2023-10-17 11:44:52.617 +03 [90534] LOG:  starting PostgreSQL 15.1 on aarch64-apple-darwin22.1.0, compiled by Apple clang version 12.0.5 (clang-1205.0.22.9), 64-bit
2023-10-17 11:44:52.620 +03 [90534] LOG:  listening on IPv6 address "::1", port 3306
2023-10-17 11:44:52.620 +03 [90534] LOG:  listening on IPv4 address "127.0.0.1", port 3306
2023-10-17 11:44:52.622 +03 [90534] LOG:  listening on Unix socket "/tmp/.s.PGSQL.3306"
2023-10-17 11:44:52.630 +03 [90537] LOG:  database system was shut down at 2023-10-17 11:44:50 +03
2023-10-17 11:44:52.634 +03 [90534] LOG:  database system is ready to accept connections
2023-10-17 11:45:11.206 +03 [90549] ERROR:  cannot drop a template database
2023-10-17 11:45:11.206 +03 [90549] STATEMENT:  DROP DATABASE "template0";
2023-10-17 11:45:24.016 +03 [90534] LOG:  received smart shutdown request
2023-10-17 11:45:24.019 +03 [90534] LOG:  background worker "logical replication launcher" (PID 90540) exited with exit code 1
2023-10-17 11:45:24.021 +03 [90535] LOG:  shutting down
2023-10-17 11:45:24.021 +03 [90535] LOG:  checkpoint starting: shutdown immediate
2023-10-17 11:45:24.025 +03 [90535] LOG:  checkpoint complete: wrote 5 buffers (0.0%); 0 WAL file(s) added, 0 removed, 0 recycled; write=0.002 s, sync=0.001 s, total=0.005 s; sync files=3, longest=0.001 s, average=0.001 s; distance=14 kB, estimate=14 kB
2023-10-17 11:45:24.028 +03 [90534] LOG:  database system is shut down
2023-10-18 01:29:56.153 +03 [35924] LOG:  starting PostgreSQL 15.1 on aarch64-apple-darwin22.1.0, compiled by Apple clang version 12.0.5 (clang-1205.0.22.9), 64-bit
2023-10-18 01:29:56.158 +03 [35924] LOG:  listening on IPv6 address "::1", port 3306
2023-10-18 01:29:56.158 +03 [35924] LOG:  listening on IPv4 address "127.0.0.1", port 3306
2023-10-18 01:29:56.158 +03 [35924] LOG:  listening on Unix socket "/tmp/.s.PGSQL.3306"
2023-10-18 01:29:56.172 +03 [35927] LOG:  database system was shut down at 2023-10-17 11:45:24 +03
2023-10-18 01:29:56.182 +03 [35924] LOG:  database system is ready to accept connections
2023-10-18 01:34:56.174 +03 [35925] LOG:  checkpoint starting: time
2023-10-18 01:34:56.184 +03 [35925] LOG:  checkpoint complete: wrote 3 buffers (0.0%); 0 WAL file(s) added, 0 removed, 0 recycled; write=0.003 s, sync=0.001 s, total=0.010 s; sync files=2, longest=0.001 s, average=0.001 s; distance=0 kB, estimate=0 kB
2023-10-18 01:42:39.446 +03 [36815] ERROR:  relation "albums" does not exist at character 13
2023-10-18 01:42:39.446 +03 [36815] STATEMENT:  INSERT INTO albums (username, password, age, salary, height, latitude, longitude, blockchain_address, commitment)
	               VALUES ($1, $2, $3, $4, $5, $6, $7, $8, $9)
	               RETURNING userID;
2023-10-18 01:43:01.746 +03 [36844] ERROR:  relation "user_information" does not exist at character 13
2023-10-18 01:43:01.746 +03 [36844] STATEMENT:  INSERT INTO USER_INFORMATION (username, password, age, salary, height, latitude, longitude, blockchain_address, commitment)
	               VALUES ($1, $2, $3, $4, $5, $6, $7, $8, $9)
	               RETURNING userID;
2023-10-18 01:43:42.994 +03 [36895] ERROR:  relation "public.user_information" does not exist at character 13
2023-10-18 01:43:42.994 +03 [36895] STATEMENT:  INSERT INTO public.USER_INFORMATION (username, password, age, salary, height, latitude, longitude, blockchain_address, commitment)
	               VALUES ($1, $2, $3, $4, $5, $6, $7, $8, $9)
	               RETURNING userID;
2023-10-18 01:44:30.793 +03 [36947] ERROR:  column "userid" does not exist at character 220
2023-10-18 01:44:30.793 +03 [36947] HINT:  Perhaps you meant to reference the column "USER_INFORMATION.userID".
2023-10-18 01:44:30.793 +03 [36947] STATEMENT:  INSERT INTO "public"."USER_INFORMATION" (username, password, age, salary, height, latitude, longitude, blockchain_address, commitment)
	               VALUES ($1, $2, $3, $4, $5, $6, $7, $8, $9)
	               RETURNING userID;
2023-10-18 01:48:26.542 +03 [35924] LOG:  received smart shutdown request
2023-10-18 01:48:31.555 +03 [37023] FATAL:  terminating connection due to unexpected postmaster exit
2023-10-18 01:48:31.556 +03 [37015] FATAL:  terminating connection due to unexpected postmaster exit
2023-10-18 18:09:37.508 +03 [76227] LOG:  starting PostgreSQL 15.1 on aarch64-apple-darwin22.1.0, compiled by Apple clang version 12.0.5 (clang-1205.0.22.9), 64-bit
2023-10-18 18:09:37.513 +03 [76227] LOG:  listening on IPv6 address "::1", port 3306
2023-10-18 18:09:37.513 +03 [76227] LOG:  listening on IPv4 address "127.0.0.1", port 3306
2023-10-18 18:09:37.515 +03 [76227] LOG:  listening on Unix socket "/tmp/.s.PGSQL.3306"
2023-10-18 18:09:37.523 +03 [76230] LOG:  database system was interrupted; last known up at 2023-10-18 01:34:56 +03
2023-10-18 18:09:37.640 +03 [76230] LOG:  database system was not properly shut down; automatic recovery in progress
2023-10-18 18:09:37.643 +03 [76230] LOG:  redo starts at 0/1A9AAF8
2023-10-18 18:09:37.644 +03 [76230] LOG:  invalid record length at 0/1A9AE58: wanted 24, got 0
2023-10-18 18:09:37.644 +03 [76230] LOG:  redo done at 0/1A9AE20 system usage: CPU: user: 0.00 s, system: 0.00 s, elapsed: 0.00 s
2023-10-18 18:09:37.645 +03 [76228] LOG:  checkpoint starting: end-of-recovery immediate wait
2023-10-18 18:09:37.647 +03 [76228] LOG:  checkpoint complete: wrote 7 buffers (0.0%); 0 WAL file(s) added, 0 removed, 0 recycled; write=0.001 s, sync=0.001 s, total=0.003 s; sync files=5, longest=0.001 s, average=0.001 s; distance=0 kB, estimate=0 kB
2023-10-18 18:09:37.649 +03 [76227] LOG:  database system is ready to accept connections
2023-10-18 18:14:37.652 +03 [76228] LOG:  checkpoint starting: time
2023-10-18 18:14:38.075 +03 [76228] LOG:  checkpoint complete: wrote 5 buffers (0.0%); 0 WAL file(s) added, 0 removed, 0 recycled; write=0.418 s, sync=0.001 s, total=0.423 s; sync files=5, longest=0.001 s, average=0.001 s; distance=0 kB, estimate=0 kB
2023-10-18 18:19:37.077 +03 [76228] LOG:  checkpoint starting: time
2023-10-18 18:19:37.394 +03 [76228] LOG:  checkpoint complete: wrote 4 buffers (0.0%); 0 WAL file(s) added, 0 removed, 0 recycled; write=0.308 s, sync=0.002 s, total=0.319 s; sync files=4, longest=0.001 s, average=0.001 s; distance=1 kB, estimate=1 kB
2023-10-18 18:42:12.175 +03 [76227] LOG:  received smart shutdown request
2023-10-18 18:42:12.182 +03 [76227] LOG:  background worker "logical replication launcher" (PID 76233) exited with exit code 1
2023-10-18 18:42:12.183 +03 [76228] LOG:  shutting down
2023-10-18 18:42:12.184 +03 [76228] LOG:  checkpoint starting: shutdown immediate
2023-10-18 18:42:12.190 +03 [76228] LOG:  checkpoint complete: wrote 0 buffers (0.0%); 0 WAL file(s) added, 0 removed, 0 recycled; write=0.002 s, sync=0.001 s, total=0.007 s; sync files=0, longest=0.000 s, average=0.000 s; distance=0 kB, estimate=0 kB
2023-10-18 18:42:12.195 +03 [76227] LOG:  database system is shut down
2023-10-19 17:28:42.943 +03 [19723] LOG:  starting PostgreSQL 15.1 on aarch64-apple-darwin22.1.0, compiled by Apple clang version 12.0.5 (clang-1205.0.22.9), 64-bit
2023-10-19 17:28:42.946 +03 [19723] LOG:  listening on IPv6 address "::1", port 3306
2023-10-19 17:28:42.946 +03 [19723] LOG:  listening on IPv4 address "127.0.0.1", port 3306
2023-10-19 17:28:42.947 +03 [19723] LOG:  listening on Unix socket "/tmp/.s.PGSQL.3306"
2023-10-19 17:28:42.954 +03 [19726] LOG:  database system was shut down at 2023-10-18 18:42:12 +03
2023-10-19 17:28:42.961 +03 [19723] LOG:  database system is ready to accept connections
2023-10-19 17:33:42.958 +03 [19724] LOG:  checkpoint starting: time
2023-10-19 17:33:42.971 +03 [19724] LOG:  checkpoint complete: wrote 3 buffers (0.0%); 0 WAL file(s) added, 0 removed, 0 recycled; write=0.003 s, sync=0.001 s, total=0.013 s; sync files=2, longest=0.001 s, average=0.001 s; distance=0 kB, estimate=0 kB
2023-10-19 17:48:23.224 +03 [21006] ERROR:  null value in column "commitment" of relation "USER_INFORMATION" violates not-null constraint
2023-10-19 17:48:23.224 +03 [21006] DETAIL:  Failing row contains (37, qwe, asd, 19, 10000, 141, 409829, 290527, 0x1Be05d6B64E17415b4b6e4E1Af271463bd64cd78, null).
2023-10-19 17:48:23.224 +03 [21006] STATEMENT:  INSERT INTO "public"."USER_INFORMATION" (username, password, age, salary, height, latitude, longitude, blockchain_address, commitment)
	            VALUES ($1, $2, $3, $4, $5, $6, $7, $8, $9)
2023-10-19 17:48:42.985 +03 [19724] LOG:  checkpoint starting: time
2023-10-19 17:48:43.195 +03 [19724] LOG:  checkpoint complete: wrote 3 buffers (0.0%); 0 WAL file(s) added, 0 removed, 0 recycled; write=0.204 s, sync=0.001 s, total=0.212 s; sync files=3, longest=0.001 s, average=0.001 s; distance=0 kB, estimate=0 kB
2023-10-19 17:53:42.195 +03 [19724] LOG:  checkpoint starting: time
2023-10-19 17:53:42.308 +03 [19724] LOG:  checkpoint complete: wrote 2 buffers (0.0%); 0 WAL file(s) added, 0 removed, 0 recycled; write=0.104 s, sync=0.001 s, total=0.113 s; sync files=2, longest=0.001 s, average=0.001 s; distance=0 kB, estimate=0 kB
2023-10-19 17:57:27.687 +03 [21595] ERROR:  null value in column "commitment" of relation "USER_INFORMATION" violates not-null constraint
2023-10-19 17:57:27.687 +03 [21595] DETAIL:  Failing row contains (38, qwe, asd, 19, 10000, 141, 409829, 290527, 0x1Be05d6B64E17415b4b6e4E1Af271463bd64cd78, null).
2023-10-19 17:57:27.687 +03 [21595] STATEMENT:  INSERT INTO "public"."USER_INFORMATION" (username, password, age, salary, height, latitude, longitude, blockchain_address, commitment)
	            VALUES ($1, $2, $3, $4, $5, $6, $7, $8, $9)
2023-10-19 17:58:42.312 +03 [19724] LOG:  checkpoint starting: time
2023-10-19 17:58:42.421 +03 [19724] LOG:  checkpoint complete: wrote 2 buffers (0.0%); 0 WAL file(s) added, 0 removed, 0 recycled; write=0.103 s, sync=0.001 s, total=0.109 s; sync files=2, longest=0.001 s, average=0.001 s; distance=0 kB, estimate=0 kB
2023-10-19 17:59:32.352 +03 [21726] ERROR:  null value in column "commitment" of relation "USER_INFORMATION" violates not-null constraint
2023-10-19 17:59:32.352 +03 [21726] DETAIL:  Failing row contains (39, qwe, asd, 19, 10000, 141, 409829, 290527, 0x1Be05d6B64E17415b4b6e4E1Af271463bd64cd78, null).
2023-10-19 17:59:32.352 +03 [21726] STATEMENT:  INSERT INTO "public"."USER_INFORMATION" (username, password, age, salary, height, latitude, longitude, blockchain_address, commitment)
	            VALUES ($1, $2, $3, $4, $5, $6, $7, $8, $9)
2023-10-19 18:00:25.371 +03 [21783] ERROR:  null value in column "commitment" of relation "USER_INFORMATION" violates not-null constraint
2023-10-19 18:00:25.371 +03 [21783] DETAIL:  Failing row contains (40, qwe, asd, 19, 10000, 141, 409829, 290527, 0x1Be05d6B64E17415b4b6e4E1Af271463bd64cd78, null).
2023-10-19 18:00:25.371 +03 [21783] STATEMENT:  INSERT INTO "public"."USER_INFORMATION" (username, password, age, salary, height, latitude, longitude, blockchain_address, commitment)
	            VALUES ($1, $2, $3, $4, $5, $6, $7, $8, $9)
2023-10-19 18:03:42.426 +03 [19724] LOG:  checkpoint starting: time
2023-10-19 18:03:42.531 +03 [19724] LOG:  checkpoint complete: wrote 2 buffers (0.0%); 0 WAL file(s) added, 0 removed, 0 recycled; write=0.102 s, sync=0.001 s, total=0.107 s; sync files=2, longest=0.001 s, average=0.001 s; distance=0 kB, estimate=0 kB
2023-10-19 18:08:42.504 +03 [19724] LOG:  checkpoint starting: time
2023-10-19 18:08:42.827 +03 [19724] LOG:  checkpoint complete: wrote 4 buffers (0.0%); 0 WAL file(s) added, 0 removed, 0 recycled; write=0.307 s, sync=0.010 s, total=0.324 s; sync files=4, longest=0.009 s, average=0.003 s; distance=1 kB, estimate=1 kB
2023-10-19 18:13:23.765 +03 [19723] LOG:  received smart shutdown request
2023-10-19 18:13:28.777 +03 [21031] FATAL:  terminating connection due to unexpected postmaster exit
2023-10-19 18:13:28.777 +03 [21043] FATAL:  terminating connection due to unexpected postmaster exit
2023-10-19 18:13:55.071 +03 [23000] LOG:  starting PostgreSQL 15.1 on aarch64-apple-darwin22.1.0, compiled by Apple clang version 12.0.5 (clang-1205.0.22.9), 64-bit
2023-10-19 18:13:55.074 +03 [23000] LOG:  listening on IPv6 address "::1", port 3306
2023-10-19 18:13:55.074 +03 [23000] LOG:  listening on IPv4 address "127.0.0.1", port 3306
2023-10-19 18:13:55.075 +03 [23000] LOG:  listening on Unix socket "/tmp/.s.PGSQL.3306"
2023-10-19 18:13:55.083 +03 [23003] LOG:  database system was interrupted; last known up at 2023-10-19 18:08:42 +03
2023-10-19 18:13:55.219 +03 [23003] LOG:  database system was not properly shut down; automatic recovery in progress
2023-10-19 18:13:55.222 +03 [23003] LOG:  redo starts at 0/1A9C888
2023-10-19 18:13:55.223 +03 [23003] LOG:  invalid record length at 0/1A9F568: wanted 24, got 0
2023-10-19 18:13:55.223 +03 [23003] LOG:  redo done at 0/1A9F530 system usage: CPU: user: 0.00 s, system: 0.00 s, elapsed: 0.00 s
2023-10-19 18:13:55.224 +03 [23001] LOG:  checkpoint starting: end-of-recovery immediate wait
2023-10-19 18:13:55.226 +03 [23001] LOG:  checkpoint complete: wrote 8 buffers (0.0%); 0 WAL file(s) added, 0 removed, 0 recycled; write=0.001 s, sync=0.001 s, total=0.003 s; sync files=7, longest=0.001 s, average=0.001 s; distance=11 kB, estimate=11 kB
2023-10-19 18:13:55.231 +03 [23000] LOG:  database system is ready to accept connections
2023-10-19 18:15:15.614 +03 [23142] ERROR:  null value in column "commitment" of relation "USER_INFORMATION" violates not-null constraint
2023-10-19 18:15:15.614 +03 [23142] DETAIL:  Failing row contains (78, qwe, asd, 19, 10000, 141, 409829, 290527, 0x1Be05d6B64E17415b4b6e4E1Af271463bd64cd78, null).
2023-10-19 18:15:15.614 +03 [23142] STATEMENT:  INSERT INTO "public"."USER_INFORMATION" (username, password, age, salary, height, latitude, longitude, blockchain_address, commitment)
	            VALUES ($1, $2, $3, $4, $5, $6, $7, $8, $9)
2023-10-19 18:18:55.229 +03 [23001] LOG:  checkpoint starting: time
2023-10-19 18:18:55.642 +03 [23001] LOG:  checkpoint complete: wrote 5 buffers (0.0%); 0 WAL file(s) added, 0 removed, 0 recycled; write=0.408 s, sync=0.002 s, total=0.414 s; sync files=5, longest=0.001 s, average=0.001 s; distance=11 kB, estimate=11 kB
2023-10-19 18:23:55.601 +03 [23001] LOG:  checkpoint starting: time
2023-10-19 18:23:55.712 +03 [23001] LOG:  checkpoint complete: wrote 2 buffers (0.0%); 0 WAL file(s) added, 0 removed, 0 recycled; write=0.104 s, sync=0.001 s, total=0.114 s; sync files=2, longest=0.001 s, average=0.001 s; distance=2 kB, estimate=10 kB
2023-10-19 18:30:52.403 +03 [24316] ERROR:  column "minage" of relation "USER_PREFERENCES" does not exist at character 42
2023-10-19 18:30:52.403 +03 [24316] STATEMENT:  INSERT INTO "public"."USER_PREFERENCES" (minAge, maxAge, minSalary, maxSalary, minHeight, maxHeight, minLatitude, maxLatitude, minLongitude, maxLongitude, commitment)
	                                      VALUES ($1, $2, $3, $4, $5, $6, $7, $8, $9, $10, $11)
2023-10-19 18:33:55.713 +03 [23001] LOG:  checkpoint starting: time
2023-10-19 18:33:56.028 +03 [23001] LOG:  checkpoint complete: wrote 4 buffers (0.0%); 0 WAL file(s) added, 0 removed, 0 recycled; write=0.307 s, sync=0.002 s, total=0.317 s; sync files=4, longest=0.001 s, average=0.001 s; distance=2 kB, estimate=9 kB
2023-10-19 18:39:23.848 +03 [24842] ERROR:  column "minage" of relation "USER_PREFERENCES" does not exist at character 42
2023-10-19 18:39:23.848 +03 [24842] STATEMENT:  INSERT INTO "public"."USER_PREFERENCES" (minAge, maxAge, minSalary, maxSalary, minHeight, maxHeight, minLatitude, maxLatitude, minLongitude, maxLongitude, commitment)
	                                      VALUES ($1, $2, $3, $4, $5, $6, $7, $8, $9, $10, $11)
2023-10-19 18:40:32.136 +03 [24909] ERROR:  column "minage" of relation "USER_PREFERENCES" does not exist at character 42
2023-10-19 18:40:32.136 +03 [24909] STATEMENT:  INSERT INTO "public"."USER_PREFERENCES" (minAge, maxAge, minSalary, maxSalary, minHeight, maxHeight, minLatitude, maxLatitude, minLongitude, maxLongitude, commitment)
	                                      VALUES ($1, $2, $3, $4, $5, $6, $7, $8, $9, $10, $11)
2023-10-19 18:42:12.899 +03 [25015] ERROR:  column "minage" of relation "USER_PREFERENCES" does not exist at character 42
2023-10-19 18:42:12.899 +03 [25015] STATEMENT:  INSERT INTO "public"."USER_PREFERENCES" (minAge, maxAge, minSalary, maxSalary, minHeight, maxHeight, minLatitude, maxLatitude, minLongitude, maxLongitude, commitment)
	                                      VALUES ($1, $2, $3, $4, $5, $6, $7, $8, $9, $10, $11)
2023-10-19 18:43:55.046 +03 [23001] LOG:  checkpoint starting: time
2023-10-19 18:43:55.361 +03 [23001] LOG:  checkpoint complete: wrote 4 buffers (0.0%); 0 WAL file(s) added, 0 removed, 0 recycled; write=0.307 s, sync=0.002 s, total=0.315 s; sync files=4, longest=0.001 s, average=0.001 s; distance=3 kB, estimate=8 kB
2023-10-19 18:45:26.738 +03 [25213] ERROR:  column "minage" of relation "USER_PREFERENCES" does not exist at character 42
2023-10-19 18:45:26.738 +03 [25213] STATEMENT:  INSERT INTO "public"."USER_PREFERENCES" (minAge, maxAge, minSalary, maxSalary, minHeight, maxHeight, minLatitude, maxLatitude, minLongitude, maxLongitude, commitment)
	                                      VALUES ($1, $2, $3, $4, $5, $6, $7, $8, $9, $10, $11)
2023-10-19 18:47:59.002 +03 [25364] ERROR:  column "minage" of relation "USER_PREFERENCES" does not exist at character 42
2023-10-19 18:47:59.002 +03 [25364] STATEMENT:  INSERT INTO "public"."USER_PREFERENCES" (minAge, maxAge, minSalary, maxSalary, minHeight, maxHeight, minLatitude, maxLatitude, minLongitude, maxLongitude, commitment)
	                                      VALUES ($1, $2, $3, $4, $5, $6, $7, $8, $9, $10, $11)
2023-10-19 18:48:55.362 +03 [23001] LOG:  checkpoint starting: time
2023-10-19 18:48:55.678 +03 [23001] LOG:  checkpoint complete: wrote 4 buffers (0.0%); 0 WAL file(s) added, 0 removed, 0 recycled; write=0.309 s, sync=0.001 s, total=0.317 s; sync files=4, longest=0.001 s, average=0.001 s; distance=3 kB, estimate=8 kB
2023-10-19 19:03:26.795 +03 [26357] ERROR:  column "minage" of relation "USER_PREFERENCES" does not exist at character 42
2023-10-19 19:03:26.795 +03 [26357] STATEMENT:  INSERT INTO "public"."USER_PREFERENCES" (minAge, maxAge, minSalary, maxSalary, minHeight, maxHeight, minLatitude, maxLatitude, minLongitude, maxLongitude, commitment)
	                                      VALUES ($1, $2, $3, $4, $5, $6, $7, $8, $9, $10, $11)
2023-10-19 19:03:55.663 +03 [23001] LOG:  checkpoint starting: time
2023-10-19 19:03:55.984 +03 [23001] LOG:  checkpoint complete: wrote 4 buffers (0.0%); 0 WAL file(s) added, 0 removed, 0 recycled; write=0.306 s, sync=0.002 s, total=0.323 s; sync files=4, longest=0.001 s, average=0.001 s; distance=4 kB, estimate=8 kB
2023-10-19 19:08:55.953 +03 [23001] LOG:  checkpoint starting: time
2023-10-19 19:08:57.115 +03 [23001] LOG:  checkpoint complete: wrote 12 buffers (0.1%); 0 WAL file(s) added, 0 removed, 0 recycled; write=1.144 s, sync=0.003 s, total=1.168 s; sync files=11, longest=0.001 s, average=0.001 s; distance=22 kB, estimate=22 kB
2023-10-19 23:06:13.732 +03 [23001] LOG:  checkpoint starting: time
2023-10-19 23:06:14.661 +03 [23001] LOG:  checkpoint complete: wrote 10 buffers (0.1%); 0 WAL file(s) added, 0 removed, 0 recycled; write=0.919 s, sync=0.002 s, total=0.930 s; sync files=8, longest=0.001 s, average=0.001 s; distance=44 kB, estimate=44 kB
2023-10-19 23:11:13.667 +03 [23001] LOG:  checkpoint starting: time
2023-10-19 23:11:15.103 +03 [23001] LOG:  checkpoint complete: wrote 15 buffers (0.1%); 0 WAL file(s) added, 0 removed, 0 recycled; write=1.424 s, sync=0.003 s, total=1.437 s; sync files=12, longest=0.001 s, average=0.001 s; distance=35 kB, estimate=43 kB
2023-10-19 23:16:13.117 +03 [23001] LOG:  checkpoint starting: time
2023-10-19 23:16:13.733 +03 [23001] LOG:  checkpoint complete: wrote 7 buffers (0.0%); 0 WAL file(s) added, 0 removed, 0 recycled; write=0.610 s, sync=0.002 s, total=0.616 s; sync files=7, longest=0.001 s, average=0.001 s; distance=2 kB, estimate=39 kB
2023-10-19 23:55:29.354 +03 [23000] LOG:  received smart shutdown request
2023-10-19 23:55:34.363 +03 [23018] FATAL:  terminating connection due to unexpected postmaster exit
2023-10-19 23:55:34.363 +03 [25383] FATAL:  terminating connection due to unexpected postmaster exit
2023-10-20 12:26:02.314 +03 [58731] LOG:  starting PostgreSQL 15.1 on aarch64-apple-darwin22.1.0, compiled by Apple clang version 12.0.5 (clang-1205.0.22.9), 64-bit
2023-10-20 12:26:02.322 +03 [58731] LOG:  listening on IPv6 address "::1", port 3306
2023-10-20 12:26:02.322 +03 [58731] LOG:  listening on IPv4 address "127.0.0.1", port 3306
2023-10-20 12:26:02.324 +03 [58731] LOG:  listening on Unix socket "/tmp/.s.PGSQL.3306"
2023-10-20 12:26:02.334 +03 [58735] LOG:  database system was interrupted; last known up at 2023-10-19 23:16:13 +03
2023-10-20 12:26:02.408 +03 [58735] LOG:  database system was not properly shut down; automatic recovery in progress
2023-10-20 12:26:02.410 +03 [58735] LOG:  redo starts at 0/1AC08F8
2023-10-20 12:26:02.410 +03 [58735] LOG:  invalid record length at 0/1AC09E0: wanted 24, got 0
2023-10-20 12:26:02.410 +03 [58735] LOG:  redo done at 0/1AC09A8 system usage: CPU: user: 0.00 s, system: 0.00 s, elapsed: 0.00 s
2023-10-20 12:26:02.412 +03 [58733] LOG:  checkpoint starting: end-of-recovery immediate wait
2023-10-20 12:26:02.414 +03 [58733] LOG:  checkpoint complete: wrote 3 buffers (0.0%); 0 WAL file(s) added, 0 removed, 0 recycled; write=0.001 s, sync=0.001 s, total=0.002 s; sync files=2, longest=0.001 s, average=0.001 s; distance=0 kB, estimate=0 kB
2023-10-20 12:26:02.416 +03 [58731] LOG:  database system is ready to accept connections
2023-10-20 12:31:04.197 +03 [59083] ERROR:  column "username" does not exist at character 49
2023-10-20 12:31:04.197 +03 [59083] STATEMENT:  SELECT * FROM "public"."USER_PREFERENCES" WHERE username = $1
2023-10-20 12:33:14.667 +03 [58765] ERROR:  column "username" of relation "USER_PREFERENCES" contains null values
2023-10-20 12:33:14.667 +03 [58765] STATEMENT:  ALTER TABLE "public"."USER_PREFERENCES"
	ADD COLUMN "username" varchar NOT NULL;
2023-10-20 12:33:30.079 +03 [58765] ERROR:  column "username" of relation "USER_PREFERENCES" contains null values
2023-10-20 12:33:30.079 +03 [58765] STATEMENT:  ALTER TABLE "public"."USER_PREFERENCES"
	ADD COLUMN "username" varchar NOT NULL;
2023-10-20 12:36:02.415 +03 [58733] LOG:  checkpoint starting: time
2023-10-20 12:36:03.464 +03 [58733] LOG:  checkpoint complete: wrote 11 buffers (0.1%); 0 WAL file(s) added, 0 removed, 0 recycled; write=1.025 s, sync=0.001 s, total=1.049 s; sync files=11, longest=0.001 s, average=0.001 s; distance=27 kB, estimate=27 kB
2023-10-20 12:56:02.414 +03 [58733] LOG:  checkpoint starting: time
2023-10-20 12:56:03.037 +03 [58733] LOG:  checkpoint complete: wrote 7 buffers (0.0%); 0 WAL file(s) added, 0 removed, 0 recycled; write=0.615 s, sync=0.002 s, total=0.625 s; sync files=7, longest=0.001 s, average=0.001 s; distance=4 kB, estimate=25 kB
2023-10-20 13:11:02.059 +03 [58733] LOG:  checkpoint starting: time
2023-10-20 13:11:02.692 +03 [58733] LOG:  checkpoint complete: wrote 7 buffers (0.0%); 0 WAL file(s) added, 0 removed, 0 recycled; write=0.625 s, sync=0.002 s, total=0.634 s; sync files=7, longest=0.001 s, average=0.001 s; distance=4 kB, estimate=23 kB
2023-10-20 13:16:02.698 +03 [58733] LOG:  checkpoint starting: time
2023-10-20 13:16:02.915 +03 [58733] LOG:  checkpoint complete: wrote 3 buffers (0.0%); 0 WAL file(s) added, 0 removed, 0 recycled; write=0.207 s, sync=0.002 s, total=0.225 s; sync files=3, longest=0.001 s, average=0.001 s; distance=3 kB, estimate=21 kB
2023-10-20 13:24:19.631 +03 [62827] LOG:  could not receive data from client: Connection reset by peer
2023-10-20 13:36:02.964 +03 [58733] LOG:  checkpoint starting: time
2023-10-20 13:36:03.590 +03 [58733] LOG:  checkpoint complete: wrote 7 buffers (0.0%); 0 WAL file(s) added, 0 removed, 0 recycled; write=0.618 s, sync=0.002 s, total=0.629 s; sync files=7, longest=0.001 s, average=0.001 s; distance=4 kB, estimate=19 kB
2023-10-20 13:41:02.591 +03 [58733] LOG:  checkpoint starting: time
2023-10-20 13:41:03.213 +03 [58733] LOG:  checkpoint complete: wrote 7 buffers (0.0%); 0 WAL file(s) added, 0 removed, 0 recycled; write=0.613 s, sync=0.002 s, total=0.622 s; sync files=7, longest=0.001 s, average=0.001 s; distance=4 kB, estimate=18 kB
2023-10-20 16:51:02.323 +03 [58733] LOG:  checkpoint starting: time
2023-10-20 16:51:03.152 +03 [58733] LOG:  checkpoint complete: wrote 9 buffers (0.1%); 0 WAL file(s) added, 0 removed, 0 recycled; write=0.816 s, sync=0.002 s, total=0.832 s; sync files=7, longest=0.001 s, average=0.001 s; distance=44 kB, estimate=44 kB
2023-10-20 17:11:02.180 +03 [58733] LOG:  checkpoint starting: time
2023-10-20 17:11:03.127 +03 [58733] LOG:  checkpoint complete: wrote 10 buffers (0.1%); 0 WAL file(s) added, 0 removed, 0 recycled; write=0.939 s, sync=0.002 s, total=0.948 s; sync files=8, longest=0.001 s, average=0.001 s; distance=2 kB, estimate=40 kB
2023-10-20 17:16:02.129 +03 [58733] LOG:  checkpoint starting: time
2023-10-20 17:16:02.352 +03 [58733] LOG:  checkpoint complete: wrote 3 buffers (0.0%); 0 WAL file(s) added, 0 removed, 0 recycled; write=0.205 s, sync=0.001 s, total=0.224 s; sync files=3, longest=0.001 s, average=0.001 s; distance=1 kB, estimate=36 kB
2023-10-20 17:18:19.741 +03 [58731] LOG:  received smart shutdown request
2023-10-20 17:18:24.749 +03 [58765] FATAL:  terminating connection due to unexpected postmaster exit
2023-10-20 17:18:24.749 +03 [58750] FATAL:  terminating connection due to unexpected postmaster exit
2023-10-21 12:14:04.011 +03 [15878] LOG:  starting PostgreSQL 15.1 on aarch64-apple-darwin22.1.0, compiled by Apple clang version 12.0.5 (clang-1205.0.22.9), 64-bit
2023-10-21 12:14:04.023 +03 [15878] LOG:  listening on IPv6 address "::1", port 3306
2023-10-21 12:14:04.023 +03 [15878] LOG:  listening on IPv4 address "127.0.0.1", port 3306
2023-10-21 12:14:04.026 +03 [15878] LOG:  listening on Unix socket "/tmp/.s.PGSQL.3306"
2023-10-21 12:14:04.039 +03 [15882] LOG:  database system was interrupted; last known up at 2023-10-20 17:16:02 +03
2023-10-21 12:14:04.145 +03 [15882] LOG:  database system was not properly shut down; automatic recovery in progress
2023-10-21 12:14:04.147 +03 [15882] LOG:  redo starts at 0/1AD89F8
2023-10-21 12:14:04.147 +03 [15882] LOG:  invalid record length at 0/1AD8AE0: wanted 24, got 0
2023-10-21 12:14:04.147 +03 [15882] LOG:  redo done at 0/1AD8AA8 system usage: CPU: user: 0.00 s, system: 0.00 s, elapsed: 0.00 s
2023-10-21 12:14:04.149 +03 [15880] LOG:  checkpoint starting: end-of-recovery immediate wait
2023-10-21 12:14:04.151 +03 [15880] LOG:  checkpoint complete: wrote 3 buffers (0.0%); 0 WAL file(s) added, 0 removed, 0 recycled; write=0.001 s, sync=0.001 s, total=0.002 s; sync files=2, longest=0.001 s, average=0.001 s; distance=0 kB, estimate=0 kB
2023-10-21 12:14:04.152 +03 [15878] LOG:  database system is ready to accept connections
2023-10-21 12:33:47.211 +03 [15880] LOG:  checkpoint starting: time
2023-10-21 12:33:48.042 +03 [15880] LOG:  checkpoint complete: wrote 9 buffers (0.1%); 0 WAL file(s) added, 0 removed, 0 recycled; write=0.820 s, sync=0.001 s, total=0.832 s; sync files=7, longest=0.001 s, average=0.001 s; distance=47 kB, estimate=47 kB
2023-10-21 12:43:36.902 +03 [15880] LOG:  checkpoint starting: time
2023-10-21 12:43:37.424 +03 [15880] LOG:  checkpoint complete: wrote 6 buffers (0.0%); 0 WAL file(s) added, 0 removed, 0 recycled; write=0.514 s, sync=0.002 s, total=0.524 s; sync files=6, longest=0.001 s, average=0.001 s; distance=24 kB, estimate=45 kB
2023-10-21 12:45:26.046 +03 [15878] LOG:  received smart shutdown request
2023-10-21 12:45:31.054 +03 [16882] FATAL:  terminating connection due to unexpected postmaster exit
2023-10-21 12:45:31.054 +03 [16901] FATAL:  terminating connection due to unexpected postmaster exit
2023-10-21 13:08:02.507 +03 [19031] LOG:  starting PostgreSQL 15.1 on aarch64-apple-darwin22.1.0, compiled by Apple clang version 12.0.5 (clang-1205.0.22.9), 64-bit
2023-10-21 13:08:02.510 +03 [19031] LOG:  listening on IPv6 address "::1", port 3306
2023-10-21 13:08:02.510 +03 [19031] LOG:  listening on IPv4 address "127.0.0.1", port 3306
2023-10-21 13:08:02.512 +03 [19031] LOG:  listening on Unix socket "/tmp/.s.PGSQL.3306"
2023-10-21 13:08:02.523 +03 [19034] LOG:  database system was interrupted; last known up at 2023-10-21 12:43:37 +03
2023-10-21 13:08:02.603 +03 [19034] LOG:  database system was not properly shut down; automatic recovery in progress
2023-10-21 13:08:02.605 +03 [19034] LOG:  redo starts at 0/1AEAB68
2023-10-21 13:08:02.609 +03 [19034] LOG:  invalid record length at 0/1BA18E8: wanted 24, got 0
2023-10-21 13:08:02.609 +03 [19034] LOG:  redo done at 0/1BA18B0 system usage: CPU: user: 0.00 s, system: 0.00 s, elapsed: 0.00 s
2023-10-21 13:08:02.611 +03 [19032] LOG:  checkpoint starting: end-of-recovery immediate wait
2023-10-21 13:08:02.618 +03 [19032] LOG:  checkpoint complete: wrote 101 buffers (0.6%); 0 WAL file(s) added, 0 removed, 0 recycled; write=0.006 s, sync=0.001 s, total=0.008 s; sync files=10, longest=0.001 s, average=0.001 s; distance=731 kB, estimate=731 kB
2023-10-21 13:08:02.620 +03 [19031] LOG:  database system is ready to accept connections
2023-10-21 13:13:02.618 +03 [19032] LOG:  checkpoint starting: time
2023-10-21 13:13:05.474 +03 [19032] LOG:  checkpoint complete: wrote 29 buffers (0.2%); 0 WAL file(s) added, 0 removed, 0 recycled; write=2.848 s, sync=0.002 s, total=2.857 s; sync files=11, longest=0.001 s, average=0.001 s; distance=140 kB, estimate=672 kB
2023-10-21 13:18:02.465 +03 [19032] LOG:  checkpoint starting: time
2023-10-21 13:18:02.582 +03 [19032] LOG:  checkpoint complete: wrote 2 buffers (0.0%); 0 WAL file(s) added, 0 removed, 0 recycled; write=0.106 s, sync=0.001 s, total=0.117 s; sync files=2, longest=0.001 s, average=0.001 s; distance=0 kB, estimate=605 kB
2023-10-21 13:21:55.117 +03 [19031] LOG:  received smart shutdown request
2023-10-21 13:22:00.125 +03 [19087] FATAL:  terminating connection due to unexpected postmaster exit
2023-10-21 13:22:00.125 +03 [19076] FATAL:  terminating connection due to unexpected postmaster exit
2023-10-21 13:42:29.229 +03 [21371] LOG:  starting PostgreSQL 15.1 on aarch64-apple-darwin22.1.0, compiled by Apple clang version 12.0.5 (clang-1205.0.22.9), 64-bit
2023-10-21 13:42:29.233 +03 [21371] LOG:  listening on IPv6 address "::1", port 3306
2023-10-21 13:42:29.233 +03 [21371] LOG:  listening on IPv4 address "127.0.0.1", port 3306
2023-10-21 13:42:29.236 +03 [21371] LOG:  listening on Unix socket "/tmp/.s.PGSQL.3306"
2023-10-21 13:42:29.246 +03 [21374] LOG:  database system was interrupted; last known up at 2023-10-21 13:18:02 +03
2023-10-21 13:42:29.338 +03 [21374] LOG:  database system was not properly shut down; automatic recovery in progress
2023-10-21 13:42:29.341 +03 [21374] LOG:  redo starts at 0/1BC4F30
2023-10-21 13:42:29.341 +03 [21374] LOG:  invalid record length at 0/1BC5018: wanted 24, got 0
2023-10-21 13:42:29.341 +03 [21374] LOG:  redo done at 0/1BC4FE0 system usage: CPU: user: 0.00 s, system: 0.00 s, elapsed: 0.00 s
2023-10-21 13:42:29.343 +03 [21372] LOG:  checkpoint starting: end-of-recovery immediate wait
2023-10-21 13:42:29.345 +03 [21372] LOG:  checkpoint complete: wrote 3 buffers (0.0%); 0 WAL file(s) added, 0 removed, 0 recycled; write=0.001 s, sync=0.001 s, total=0.002 s; sync files=2, longest=0.001 s, average=0.001 s; distance=0 kB, estimate=0 kB
2023-10-21 13:42:29.348 +03 [21371] LOG:  database system is ready to accept connections
2023-10-21 14:04:27.432 +03 [22878] ERROR:  column "gender" of relation "USER_INFORMATION" contains null values
2023-10-21 14:04:27.432 +03 [22878] STATEMENT:  ALTER TABLE "public"."USER_INFORMATION"
	ADD COLUMN "gender" int8 NOT NULL;
2023-10-21 14:04:35.910 +03 [22878] ERROR:  column "gender" of relation "USER_INFORMATION" contains null values
2023-10-21 14:04:35.910 +03 [22878] STATEMENT:  ALTER TABLE "public"."USER_INFORMATION"
	ADD COLUMN "gender" int8 NOT NULL;
2023-10-21 14:07:29.375 +03 [21372] LOG:  checkpoint starting: time
2023-10-21 14:07:30.623 +03 [21372] LOG:  checkpoint complete: wrote 13 buffers (0.1%); 1 WAL file(s) added, 0 removed, 0 recycled; write=1.224 s, sync=0.003 s, total=1.249 s; sync files=11, longest=0.001 s, average=0.001 s; distance=902 kB, estimate=902 kB
2023-10-21 14:08:45.451 +03 [21371] LOG:  received smart shutdown request
2023-10-21 14:08:45.457 +03 [21371] LOG:  background worker "logical replication launcher" (PID 21377) exited with exit code 1
2023-10-21 14:08:45.458 +03 [21372] LOG:  shutting down
2023-10-21 14:08:45.459 +03 [21372] LOG:  checkpoint starting: shutdown immediate
2023-10-21 14:08:45.463 +03 [21372] LOG:  checkpoint complete: wrote 0 buffers (0.0%); 0 WAL file(s) added, 0 removed, 0 recycled; write=0.002 s, sync=0.001 s, total=0.006 s; sync files=0, longest=0.000 s, average=0.000 s; distance=0 kB, estimate=812 kB
2023-10-21 14:08:45.470 +03 [21371] LOG:  database system is shut down
2023-10-21 16:26:10.645 +03 [31862] LOG:  starting PostgreSQL 15.1 on aarch64-apple-darwin22.1.0, compiled by Apple clang version 12.0.5 (clang-1205.0.22.9), 64-bit
2023-10-21 16:26:10.649 +03 [31862] LOG:  listening on IPv6 address "::1", port 3306
2023-10-21 16:26:10.649 +03 [31862] LOG:  listening on IPv4 address "127.0.0.1", port 3306
2023-10-21 16:26:10.650 +03 [31862] LOG:  listening on Unix socket "/tmp/.s.PGSQL.3306"
2023-10-21 16:26:10.658 +03 [31867] LOG:  database system was shut down at 2023-10-21 14:08:45 +03
2023-10-21 16:26:10.665 +03 [31862] LOG:  database system is ready to accept connections
2023-10-21 16:31:10.663 +03 [31865] LOG:  checkpoint starting: time
2023-10-21 16:31:10.676 +03 [31865] LOG:  checkpoint complete: wrote 3 buffers (0.0%); 0 WAL file(s) added, 0 removed, 0 recycled; write=0.004 s, sync=0.001 s, total=0.014 s; sync files=2, longest=0.001 s, average=0.001 s; distance=0 kB, estimate=0 kB
2023-10-21 16:36:10.680 +03 [31865] LOG:  checkpoint starting: time
2023-10-21 16:36:15.185 +03 [31865] LOG:  checkpoint complete: wrote 45 buffers (0.3%); 0 WAL file(s) added, 0 removed, 0 recycled; write=4.498 s, sync=0.002 s, total=4.506 s; sync files=10, longest=0.001 s, average=0.001 s; distance=297 kB, estimate=297 kB
2023-10-21 16:46:10.191 +03 [31865] LOG:  checkpoint starting: time
2023-10-21 16:46:11.219 +03 [31865] LOG:  checkpoint complete: wrote 11 buffers (0.1%); 0 WAL file(s) added, 0 removed, 0 recycled; write=1.020 s, sync=0.002 s, total=1.030 s; sync files=9, longest=0.001 s, average=0.001 s; distance=314 kB, estimate=314 kB
2023-10-21 17:47:10.145 +03 [31865] LOG:  checkpoint starting: time
2023-10-21 17:47:14.207 +03 [31865] LOG:  checkpoint complete: wrote 41 buffers (0.3%); 0 WAL file(s) added, 0 removed, 0 recycled; write=4.054 s, sync=0.002 s, total=4.063 s; sync files=10, longest=0.001 s, average=0.001 s; distance=264 kB, estimate=309 kB
2023-10-21 18:10:07.516 +03 [31862] LOG:  received smart shutdown request
2023-10-21 18:10:12.522 +03 [31904] FATAL:  terminating connection due to unexpected postmaster exit
2023-10-21 18:10:12.522 +03 [31895] FATAL:  terminating connection due to unexpected postmaster exit
2023-10-24 18:39:02.943 +03 [61853] LOG:  starting PostgreSQL 15.1 on aarch64-apple-darwin22.1.0, compiled by Apple clang version 12.0.5 (clang-1205.0.22.9), 64-bit
2023-10-24 18:39:02.947 +03 [61853] LOG:  listening on IPv6 address "::1", port 3306
2023-10-24 18:39:02.948 +03 [61853] LOG:  listening on IPv4 address "127.0.0.1", port 3306
2023-10-24 18:39:02.950 +03 [61853] LOG:  listening on Unix socket "/tmp/.s.PGSQL.3306"
2023-10-24 18:39:02.974 +03 [61858] LOG:  database system was interrupted; last known up at 2023-10-21 17:47:14 +03
2023-10-24 18:39:03.070 +03 [61858] LOG:  database system was not properly shut down; automatic recovery in progress
2023-10-24 18:39:03.072 +03 [61858] LOG:  redo starts at 0/1D81ED8
2023-10-24 18:39:03.072 +03 [61858] LOG:  invalid record length at 0/1D81FC0: wanted 24, got 0
2023-10-24 18:39:03.072 +03 [61858] LOG:  redo done at 0/1D81F88 system usage: CPU: user: 0.00 s, system: 0.00 s, elapsed: 0.00 s
2023-10-24 18:39:03.073 +03 [61856] LOG:  checkpoint starting: end-of-recovery immediate wait
2023-10-24 18:39:03.075 +03 [61856] LOG:  checkpoint complete: wrote 3 buffers (0.0%); 0 WAL file(s) added, 0 removed, 0 recycled; write=0.001 s, sync=0.001 s, total=0.002 s; sync files=2, longest=0.001 s, average=0.001 s; distance=0 kB, estimate=0 kB
2023-10-24 18:39:03.077 +03 [61853] LOG:  database system is ready to accept connections
2023-10-24 19:19:03.244 +03 [61853] LOG:  received smart shutdown request
2023-10-24 19:19:03.260 +03 [61853] LOG:  background worker "logical replication launcher" (PID 61862) exited with exit code 1
2023-10-24 19:19:03.260 +03 [61856] LOG:  shutting down
2023-10-24 19:19:03.273 +03 [61856] LOG:  checkpoint starting: shutdown immediate
2023-10-24 19:19:03.279 +03 [61856] LOG:  checkpoint complete: wrote 1 buffers (0.0%); 0 WAL file(s) added, 0 removed, 0 recycled; write=0.003 s, sync=0.001 s, total=0.009 s; sync files=1, longest=0.001 s, average=0.001 s; distance=0 kB, estimate=0 kB
2023-10-24 19:19:03.283 +03 [61853] LOG:  database system is shut down
2023-10-27 13:36:31.553 +03 [17136] LOG:  starting PostgreSQL 15.1 on aarch64-apple-darwin22.1.0, compiled by Apple clang version 12.0.5 (clang-1205.0.22.9), 64-bit
2023-10-27 13:36:31.558 +03 [17136] LOG:  listening on IPv6 address "::1", port 3306
2023-10-27 13:36:31.559 +03 [17136] LOG:  listening on IPv4 address "127.0.0.1", port 3306
2023-10-27 13:36:31.559 +03 [17136] LOG:  listening on Unix socket "/tmp/.s.PGSQL.3306"
2023-10-27 13:36:31.589 +03 [17141] LOG:  database system was shut down at 2023-10-24 19:19:03 +03
2023-10-27 13:36:31.599 +03 [17136] LOG:  database system is ready to accept connections
2023-10-27 13:41:31.588 +03 [17139] LOG:  checkpoint starting: time
2023-10-27 13:41:31.599 +03 [17139] LOG:  checkpoint complete: wrote 3 buffers (0.0%); 0 WAL file(s) added, 0 removed, 0 recycled; write=0.003 s, sync=0.001 s, total=0.012 s; sync files=2, longest=0.001 s, average=0.001 s; distance=0 kB, estimate=0 kB
2023-10-31 15:57:32.307 +03 [17136] LOG:  received smart shutdown request
2023-10-31 15:57:32.318 +03 [17136] LOG:  background worker "logical replication launcher" (PID 17144) exited with exit code 1
2023-10-31 15:57:32.321 +03 [17139] LOG:  shutting down
2023-10-31 15:57:32.323 +03 [17139] LOG:  checkpoint starting: shutdown immediate
2023-10-31 15:57:32.334 +03 [17139] LOG:  checkpoint complete: wrote 0 buffers (0.0%); 0 WAL file(s) added, 0 removed, 0 recycled; write=0.006 s, sync=0.001 s, total=0.013 s; sync files=0, longest=0.000 s, average=0.000 s; distance=0 kB, estimate=0 kB
2023-10-31 15:57:32.341 +03 [17136] LOG:  database system is shut down
2023-10-31 15:57:33.982 +03 [87930] LOG:  starting PostgreSQL 15.1 on aarch64-apple-darwin22.1.0, compiled by Apple clang version 12.0.5 (clang-1205.0.22.9), 64-bit
2023-10-31 15:57:33.996 +03 [87930] LOG:  listening on IPv6 address "::1", port 3306
2023-10-31 15:57:33.996 +03 [87930] LOG:  listening on IPv4 address "127.0.0.1", port 3306
2023-10-31 15:57:33.997 +03 [87930] LOG:  listening on Unix socket "/tmp/.s.PGSQL.3306"
2023-10-31 15:57:34.004 +03 [87934] LOG:  database system was shut down at 2023-10-31 15:57:32 +03
2023-10-31 15:57:34.010 +03 [87930] LOG:  database system is ready to accept connections
2023-10-31 16:02:34.009 +03 [87932] LOG:  checkpoint starting: time
2023-10-31 16:02:34.020 +03 [87932] LOG:  checkpoint complete: wrote 3 buffers (0.0%); 0 WAL file(s) added, 0 removed, 0 recycled; write=0.002 s, sync=0.001 s, total=0.013 s; sync files=2, longest=0.001 s, average=0.001 s; distance=0 kB, estimate=0 kB
2023-10-31 16:37:35.000 +03 [87932] LOG:  checkpoint starting: time
2023-10-31 16:37:38.684 +03 [87932] LOG:  checkpoint complete: wrote 37 buffers (0.2%); 0 WAL file(s) added, 0 removed, 0 recycled; write=3.669 s, sync=0.004 s, total=3.686 s; sync files=14, longest=0.002 s, average=0.001 s; distance=215 kB, estimate=215 kB
2023-10-31 16:42:34.686 +03 [87932] LOG:  checkpoint starting: time
2023-10-31 16:42:38.361 +03 [87932] LOG:  checkpoint complete: wrote 37 buffers (0.2%); 0 WAL file(s) added, 0 removed, 0 recycled; write=3.660 s, sync=0.003 s, total=3.676 s; sync files=14, longest=0.001 s, average=0.001 s; distance=214 kB, estimate=215 kB
2023-10-31 16:47:34.392 +03 [87932] LOG:  checkpoint starting: time
2023-10-31 16:47:45.793 +03 [87932] LOG:  checkpoint complete: wrote 113 buffers (0.7%); 0 WAL file(s) added, 0 removed, 0 recycled; write=11.394 s, sync=0.001 s, total=11.401 s; sync files=12, longest=0.001 s, average=0.001 s; distance=712 kB, estimate=712 kB
2023-10-31 16:52:34.794 +03 [87932] LOG:  checkpoint starting: time
2023-10-31 16:52:40.179 +03 [87932] LOG:  checkpoint complete: wrote 54 buffers (0.3%); 0 WAL file(s) added, 0 removed, 0 recycled; write=5.377 s, sync=0.002 s, total=5.386 s; sync files=13, longest=0.001 s, average=0.001 s; distance=1231 kB, estimate=1231 kB
2023-10-31 16:57:34.181 +03 [87932] LOG:  checkpoint starting: time
2023-10-31 16:57:40.785 +03 [87932] LOG:  checkpoint complete: wrote 66 buffers (0.4%); 0 WAL file(s) added, 0 removed, 1 recycled; write=6.595 s, sync=0.002 s, total=6.605 s; sync files=12, longest=0.001 s, average=0.001 s; distance=1349 kB, estimate=1349 kB
2023-10-31 17:02:34.799 +03 [87932] LOG:  checkpoint starting: time
2023-10-31 17:02:35.012 +03 [87932] LOG:  checkpoint complete: wrote 3 buffers (0.0%); 0 WAL file(s) added, 0 removed, 0 recycled; write=0.206 s, sync=0.001 s, total=0.214 s; sync files=3, longest=0.001 s, average=0.001 s; distance=4 kB, estimate=1214 kB
2023-10-31 17:17:34.998 +03 [87932] LOG:  checkpoint starting: time
2023-10-31 17:17:35.825 +03 [87932] LOG:  checkpoint complete: wrote 9 buffers (0.1%); 0 WAL file(s) added, 0 removed, 0 recycled; write=0.815 s, sync=0.002 s, total=0.828 s; sync files=7, longest=0.001 s, average=0.001 s; distance=46 kB, estimate=1097 kB
2023-10-31 17:22:34.828 +03 [87932] LOG:  checkpoint starting: time
2023-10-31 17:22:41.939 +03 [87932] LOG:  checkpoint complete: wrote 71 buffers (0.4%); 0 WAL file(s) added, 0 removed, 0 recycled; write=7.103 s, sync=0.002 s, total=7.112 s; sync files=14, longest=0.001 s, average=0.001 s; distance=634 kB, estimate=1051 kB
2023-10-31 17:32:34.930 +03 [87932] LOG:  checkpoint starting: time
2023-10-31 17:32:35.773 +03 [87932] LOG:  checkpoint complete: wrote 9 buffers (0.1%); 0 WAL file(s) added, 0 removed, 0 recycled; write=0.825 s, sync=0.002 s, total=0.844 s; sync files=7, longest=0.001 s, average=0.001 s; distance=45 kB, estimate=950 kB
2023-10-31 17:37:34.773 +03 [87932] LOG:  checkpoint starting: time
2023-10-31 17:37:41.370 +03 [87932] LOG:  checkpoint complete: wrote 66 buffers (0.4%); 0 WAL file(s) added, 0 removed, 0 recycled; write=6.591 s, sync=0.002 s, total=6.597 s; sync files=11, longest=0.001 s, average=0.001 s; distance=442 kB, estimate=900 kB
2023-10-31 17:47:34.389 +03 [87932] LOG:  checkpoint starting: time
2023-10-31 17:47:35.126 +03 [87932] LOG:  checkpoint complete: wrote 8 buffers (0.0%); 0 WAL file(s) added, 0 removed, 0 recycled; write=0.728 s, sync=0.001 s, total=0.739 s; sync files=6, longest=0.001 s, average=0.001 s; distance=44 kB, estimate=814 kB
2023-10-31 18:11:33.774 +03 [87932] LOG:  checkpoint starting: time
2023-10-31 18:11:36.934 +03 [87932] LOG:  checkpoint complete: wrote 32 buffers (0.2%); 0 WAL file(s) added, 0 removed, 0 recycled; write=3.150 s, sync=0.002 s, total=3.161 s; sync files=11, longest=0.001 s, average=0.001 s; distance=167 kB, estimate=749 kB
2023-10-31 18:16:33.932 +03 [87932] LOG:  checkpoint starting: time
2023-10-31 18:16:38.158 +03 [87932] LOG:  checkpoint complete: wrote 42 buffers (0.3%); 0 WAL file(s) added, 0 removed, 0 recycled; write=4.205 s, sync=0.003 s, total=4.228 s; sync files=10, longest=0.002 s, average=0.001 s; distance=277 kB, estimate=702 kB
2023-11-01 02:16:19.164 +03 [87932] LOG:  checkpoint starting: time
2023-11-01 02:16:20.002 +03 [87932] LOG:  checkpoint complete: wrote 9 buffers (0.1%); 0 WAL file(s) added, 0 removed, 0 recycled; write=0.822 s, sync=0.001 s, total=0.839 s; sync files=7, longest=0.001 s, average=0.001 s; distance=45 kB, estimate=636 kB
2023-11-01 02:21:19.005 +03 [87932] LOG:  checkpoint starting: time
2023-11-01 02:21:22.280 +03 [87932] LOG:  checkpoint complete: wrote 33 buffers (0.2%); 0 WAL file(s) added, 0 removed, 0 recycled; write=3.265 s, sync=0.002 s, total=3.277 s; sync files=12, longest=0.001 s, average=0.001 s; distance=167 kB, estimate=589 kB
2023-11-01 02:26:19.292 +03 [87932] LOG:  checkpoint starting: time
2023-11-01 02:26:23.480 +03 [87932] LOG:  checkpoint complete: wrote 42 buffers (0.3%); 0 WAL file(s) added, 0 removed, 0 recycled; write=4.179 s, sync=0.002 s, total=4.189 s; sync files=10, longest=0.001 s, average=0.001 s; distance=277 kB, estimate=558 kB
2023-11-01 10:00:25.987 +03 [87930] LOG:  received smart shutdown request
2023-11-01 10:00:26.031 +03 [87930] LOG:  background worker "logical replication launcher" (PID 87937) exited with exit code 1
2023-11-01 10:00:26.035 +03 [87932] LOG:  shutting down
2023-11-01 10:00:26.036 +03 [87932] LOG:  checkpoint starting: shutdown immediate
2023-11-01 10:00:26.060 +03 [87932] LOG:  checkpoint complete: wrote 0 buffers (0.0%); 0 WAL file(s) added, 0 removed, 0 recycled; write=0.012 s, sync=0.001 s, total=0.025 s; sync files=0, longest=0.000 s, average=0.000 s; distance=0 kB, estimate=502 kB
2023-11-01 10:00:26.067 +03 [87930] LOG:  database system is shut down
2023-11-01 11:54:42.461 +03 [36360] LOG:  starting PostgreSQL 15.1 on aarch64-apple-darwin22.1.0, compiled by Apple clang version 12.0.5 (clang-1205.0.22.9), 64-bit
2023-11-01 11:54:42.479 +03 [36360] LOG:  listening on IPv6 address "::1", port 3306
2023-11-01 11:54:42.479 +03 [36360] LOG:  listening on IPv4 address "127.0.0.1", port 3306
2023-11-01 11:54:42.480 +03 [36360] LOG:  listening on Unix socket "/tmp/.s.PGSQL.3306"
2023-11-01 11:54:42.489 +03 [36363] LOG:  database system was shut down at 2023-11-01 10:00:26 +03
2023-11-01 11:54:42.496 +03 [36360] LOG:  database system is ready to accept connections
2023-11-01 11:59:42.501 +03 [36361] LOG:  checkpoint starting: time
2023-11-01 11:59:43.748 +03 [36361] LOG:  checkpoint complete: wrote 15 buffers (0.1%); 0 WAL file(s) added, 0 removed, 0 recycled; write=1.233 s, sync=0.002 s, total=1.247 s; sync files=8, longest=0.001 s, average=0.001 s; distance=51 kB, estimate=51 kB
2023-11-01 12:18:45.549 +03 [36361] LOG:  checkpoint starting: time
2023-11-01 12:18:52.243 +03 [36361] LOG:  checkpoint complete: wrote 66 buffers (0.4%); 0 WAL file(s) added, 0 removed, 0 recycled; write=6.686 s, sync=0.002 s, total=6.696 s; sync files=11, longest=0.001 s, average=0.001 s; distance=442 kB, estimate=442 kB
2023-11-01 12:55:38.938 +03 [36360] LOG:  received smart shutdown request
2023-11-01 12:55:38.948 +03 [36360] LOG:  background worker "logical replication launcher" (PID 36366) exited with exit code 1
2023-11-01 12:55:38.949 +03 [36361] LOG:  shutting down
2023-11-01 12:55:38.950 +03 [36361] LOG:  checkpoint starting: shutdown immediate
2023-11-01 12:55:38.967 +03 [36361] LOG:  checkpoint complete: wrote 3 buffers (0.0%); 0 WAL file(s) added, 0 removed, 0 recycled; write=0.010 s, sync=0.001 s, total=0.018 s; sync files=3, longest=0.001 s, average=0.001 s; distance=0 kB, estimate=398 kB
2023-11-01 12:55:38.972 +03 [36360] LOG:  database system is shut down
